# JRE version: Java(TM) SE Runtime Environment 18.9 (11.0.13+10) (build 11.0.13+10-LTS-370)
# Java VM: Java HotSpot(TM) 64-Bit Server VM 18.9 (11.0.13+10-LTS-370, mixed mode, tiered, compressed oops, g1 gc, windows-amd64)
Heap:
 garbage-first heap   total 129024K, used 13175K [0x0000000083600000, 0x0000000100000000)
  region size 1024K, 7 young (7168K), 7 survivors (7168K)
 Metaspace       used 29291K, capacity 30296K, committed 30464K, reserved 1075200K
  class space    used 3640K, capacity 4065K, committed 4096K, reserved 1048576K
GC Heap History (10 events):
Event: 2.023 GC heap before
{Heap before GC invocations=1 (full 0):
 garbage-first heap   total 129024K, used 50946K [0x0000000083600000, 0x0000000100000000)
  region size 1024K, 47 young (48128K), 3 survivors (3072K)
 Metaspace       used 14347K, capacity 14687K, committed 14848K, reserved 1062912K
  class space    used 1523K, capacity 1674K, committed 1792K, reserved 1048576K
}
Event: 2.029 GC heap after
{Heap after GC invocations=2 (full 0):
 garbage-first heap   total 129024K, used 7576K [0x0000000083600000, 0x0000000100000000)
  region size 1024K, 4 young (4096K), 4 survivors (4096K)
 Metaspace       used 14347K, capacity 14687K, committed 14848K, reserved 1062912K
  class space    used 1523K, capacity 1674K, committed 1792K, reserved 1048576K
}
Event: 3.229 GC heap before
{Heap before GC invocations=2 (full 0):
 garbage-first heap   total 129024K, used 52632K [0x0000000083600000, 0x0000000100000000)
  region size 1024K, 49 young (50176K), 4 survivors (4096K)
 Metaspace       used 20449K, capacity 21116K, committed 21248K, reserved 1067008K
  class space    used 2410K, capacity 2706K, committed 2816K, reserved 1048576K
}
Event: 3.236 GC heap after
{Heap after GC invocations=3 (full 0):
 garbage-first heap   total 129024K, used 9565K [0x0000000083600000, 0x0000000100000000)
  region size 1024K, 6 young (6144K), 6 survivors (6144K)
 Metaspace       used 20449K, capacity 21116K, committed 21248K, reserved 1067008K
  class space    used 2410K, capacity 2706K, committed 2816K, reserved 1048576K
}
Event: 3.509 GC heap before
{Heap before GC invocations=4 (full 0):
 garbage-first heap   total 129024K, used 66909K [0x0000000083600000, 0x0000000100000000)
  region size 1024K, 63 young (64512K), 6 survivors (6144K)
 Metaspace       used 24027K, capacity 24797K, committed 25088K, reserved 1071104K
  class space    used 2882K, capacity 3215K, committed 3328K, reserved 1048576K
}
Event: 3.514 GC heap after
{Heap after GC invocations=5 (full 0):
 garbage-first heap   total 129024K, used 10117K [0x0000000083600000, 0x0000000100000000)
  region size 1024K, 4 young (4096K), 4 survivors (4096K)
 Metaspace       used 24027K, capacity 24797K, committed 25088K, reserved 1071104K
  class space    used 2882K, capacity 3215K, committed 3328K, reserved 1048576K
}
Event: 4.240 GC heap before
{Heap before GC invocations=5 (full 0):
 garbage-first heap   total 129024K, used 77701K [0x0000000083600000, 0x0000000100000000)
  region size 1024K, 72 young (73728K), 4 survivors (4096K)
 Metaspace       used 27180K, capacity 28144K, committed 28416K, reserved 1073152K
  class space    used 3331K, capacity 3753K, committed 3840K, reserved 1048576K
}
Event: 4.245 GC heap after
{Heap after GC invocations=6 (full 0):
 garbage-first heap   total 129024K, used 12203K [0x0000000083600000, 0x0000000100000000)
  region size 1024K, 6 young (6144K), 6 survivors (6144K)
 Metaspace       used 27180K, capacity 28144K, committed 28416K, reserved 1073152K
  class space    used 3331K, capacity 3753K, committed 3840K, reserved 1048576K
}
Event: 4.604 GC heap before
{Heap before GC invocations=6 (full 0):
 garbage-first heap   total 129024K, used 38827K [0x0000000083600000, 0x0000000100000000)
  region size 1024K, 33 young (33792K), 6 survivors (6144K)
 Metaspace       used 29291K, capacity 30296K, committed 30464K, reserved 1075200K
  class space    used 3640K, capacity 4065K, committed 4096K, reserved 1048576K
}
Event: 4.609 GC heap after
{Heap after GC invocations=7 (full 0):
 garbage-first heap   total 129024K, used 13175K [0x0000000083600000, 0x0000000100000000)
  region size 1024K, 7 young (7168K), 7 survivors (7168K)
 Metaspace       used 29291K, capacity 30296K, committed 30464K, reserved 1075200K
  class space    used 3640K, capacity 4065K, committed 4096K, reserved 1048576K
}

