# JRE version: Java(TM) SE Runtime Environment 18.9 (11.0.13+10) (build 11.0.13+10-LTS-370)
# Java VM: Java HotSpot(TM) 64-Bit Server VM 18.9 (11.0.13+10-LTS-370, mixed mode, tiered, compressed oops, g1 gc, windows-amd64)
Heap:
 garbage-first heap   total 155648K, used 21737K [0x0000000083600000, 0x0000000100000000)
  region size 1024K, 6 young (6144K), 6 survivors (6144K)
 Metaspace       used 50334K, capacity 51825K, committed 51968K, reserved 1118208K
  class space    used 6675K, capacity 7322K, committed 7424K, reserved 1048576K
GC Heap History (10 events):
Event: 4.103 GC heap before
{Heap before GC invocations=6 (full 0):
 garbage-first heap   total 129024K, used 82355K [0x0000000083600000, 0x0000000100000000)
  region size 1024K, 75 young (76800K), 6 survivors (6144K)
 Metaspace       used 34327K, capacity 35655K, committed 35840K, reserved 1081344K
  class space    used 4355K, capacity 4914K, committed 4992K, reserved 1048576K
}
Event: 4.113 GC heap after
{Heap after GC invocations=7 (full 0):
 garbage-first heap   total 129024K, used 16133K [0x0000000083600000, 0x0000000100000000)
  region size 1024K, 9 young (9216K), 9 survivors (9216K)
 Metaspace       used 34327K, capacity 35655K, committed 35840K, reserved 1081344K
  class space    used 4355K, capacity 4914K, committed 4992K, reserved 1048576K
}
Event: 4.161 GC heap before
{Heap before GC invocations=7 (full 0):
 garbage-first heap   total 129024K, used 43781K [0x0000000083600000, 0x0000000100000000)
  region size 1024K, 38 young (38912K), 9 survivors (9216K)
 Metaspace       used 34491K, capacity 35736K, committed 35840K, reserved 1081344K
  class space    used 4370K, capacity 4920K, committed 4992K, reserved 1048576K
}
Event: 4.170 GC heap after
{Heap after GC invocations=8 (full 0):
 garbage-first heap   total 129024K, used 16871K [0x0000000083600000, 0x0000000100000000)
  region size 1024K, 5 young (5120K), 5 survivors (5120K)
 Metaspace       used 34491K, capacity 35736K, committed 35840K, reserved 1081344K
  class space    used 4370K, capacity 4920K, committed 4992K, reserved 1048576K
}
Event: 4.761 GC heap before
{Heap before GC invocations=9 (full 0):
 garbage-first heap   total 129024K, used 87527K [0x0000000083600000, 0x0000000100000000)
  region size 1024K, 75 young (76800K), 5 survivors (5120K)
 Metaspace       used 37818K, capacity 39153K, committed 39424K, reserved 1083392K
  class space    used 4792K, capacity 5357K, committed 5376K, reserved 1048576K
}
Event: 4.766 GC heap after
{Heap after GC invocations=10 (full 0):
 garbage-first heap   total 155648K, used 17167K [0x0000000083600000, 0x0000000100000000)
  region size 1024K, 5 young (5120K), 5 survivors (5120K)
 Metaspace       used 37818K, capacity 39153K, committed 39424K, reserved 1083392K
  class space    used 4792K, capacity 5357K, committed 5376K, reserved 1048576K
}
Event: 5.748 GC heap before
{Heap before GC invocations=10 (full 0):
 garbage-first heap   total 155648K, used 70415K [0x0000000083600000, 0x0000000100000000)
  region size 1024K, 58 young (59392K), 5 survivors (5120K)
 Metaspace       used 47720K, capacity 49244K, committed 49408K, reserved 1097728K
  class space    used 6156K, capacity 6787K, committed 6912K, reserved 1048576K
}
Event: 5.756 GC heap after
{Heap after GC invocations=11 (full 0):
 garbage-first heap   total 155648K, used 20704K [0x0000000083600000, 0x0000000100000000)
  region size 1024K, 9 young (9216K), 9 survivors (9216K)
 Metaspace       used 47720K, capacity 49244K, committed 49408K, reserved 1097728K
  class space    used 6156K, capacity 6787K, committed 6912K, reserved 1048576K
}
Event: 6.066 GC heap before
{Heap before GC invocations=12 (full 0):
 garbage-first heap   total 155648K, used 42208K [0x0000000083600000, 0x0000000100000000)
  region size 1024K, 31 young (31744K), 9 survivors (9216K)
 Metaspace       used 50334K, capacity 51825K, committed 51968K, reserved 1116160K
  class space    used 6675K, capacity 7322K, committed 7424K, reserved 1048576K
}
Event: 6.073 GC heap after
{Heap after GC invocations=13 (full 0):
 garbage-first heap   total 155648K, used 21737K [0x0000000083600000, 0x0000000100000000)
  region size 1024K, 6 young (6144K), 6 survivors (6144K)
 Metaspace       used 50334K, capacity 51825K, committed 51968K, reserved 1116160K
  class space    used 6675K, capacity 7322K, committed 7424K, reserved 1048576K
}

